2017-04-24T18:33:38.092887Z mysqld_safe Logging to '/var/lib/mysql/5cb2c2cf0076.err'.
2017-04-24T18:33:38.119686Z mysqld_safe Starting mysqld daemon with databases from /var/lib/mysql
2017-04-24T18:33:38.281250Z 0 [Warning] TIMESTAMP with implicit DEFAULT value is deprecated. Please use --explicit_defaults_for_timestamp server option (see documentation for more details).
2017-04-24T18:33:38.282278Z 0 [Note] /usr/sbin/mysqld (mysqld 5.7.18) starting as process 337 ...
2017-04-24T18:33:38.284970Z 0 [Note] InnoDB: PUNCH HOLE support available
2017-04-24T18:33:38.284988Z 0 [Note] InnoDB: Mutexes and rw_locks use GCC atomic builtins
2017-04-24T18:33:38.284992Z 0 [Note] InnoDB: Uses event mutexes
2017-04-24T18:33:38.284995Z 0 [Note] InnoDB: GCC builtin __atomic_thread_fence() is used for memory barrier
2017-04-24T18:33:38.284998Z 0 [Note] InnoDB: Compressed tables use zlib 1.2.3
2017-04-24T18:33:38.285001Z 0 [Note] InnoDB: Using Linux native AIO
2017-04-24T18:33:38.285253Z 0 [Note] InnoDB: Number of pools: 1
2017-04-24T18:33:38.285335Z 0 [Note] InnoDB: Using CPU crc32 instructions
2017-04-24T18:33:38.286536Z 0 [Note] InnoDB: Initializing buffer pool, total size = 128M, instances = 1, chunk size = 128M
2017-04-24T18:33:38.291991Z 0 [Note] InnoDB: Completed initialization of buffer pool
2017-04-24T18:33:38.293582Z 0 [Note] InnoDB: If the mysqld execution user is authorized, page cleaner thread priority can be changed. See the man page of setpriority().
2017-04-24T18:33:38.306115Z 0 [Note] InnoDB: Highest supported file format is Barracuda.
2017-04-24T18:33:38.315760Z 0 [Note] InnoDB: Creating shared tablespace for temporary tables
2017-04-24T18:33:38.315829Z 0 [Note] InnoDB: Setting file './ibtmp1' size to 12 MB. Physically writing the file full; Please wait ...
2017-04-24T18:33:38.334035Z 0 [Note] InnoDB: File './ibtmp1' size is now 12 MB.
2017-04-24T18:33:38.334658Z 0 [Note] InnoDB: 96 redo rollback segment(s) found. 96 redo rollback segment(s) are active.
2017-04-24T18:33:38.334670Z 0 [Note] InnoDB: 32 non-redo rollback segment(s) are active.
2017-04-24T18:33:38.335166Z 0 [Note] InnoDB: 5.7.18 started; log sequence number 2535763
2017-04-24T18:33:38.335292Z 0 [Note] InnoDB: Loading buffer pool(s) from /var/lib/mysql/ib_buffer_pool
2017-04-24T18:33:38.335355Z 0 [Note] Plugin 'FEDERATED' is disabled.
2017-04-24T18:33:38.336752Z 0 [Note] InnoDB: Buffer pool(s) load completed at 170424 18:33:38
2017-04-24T18:33:38.338335Z 0 [Note] Found ca.pem, server-cert.pem and server-key.pem in data directory. Trying to enable SSL support using them.
2017-04-24T18:33:38.338501Z 0 [Warning] CA certificate ca.pem is self signed.
2017-04-24T18:33:38.339981Z 0 [Note] Server hostname (bind-address): '*'; port: 3306
2017-04-24T18:33:38.340014Z 0 [Note] IPv6 is available.
2017-04-24T18:33:38.340020Z 0 [Note]   - '::' resolves to '::';
2017-04-24T18:33:38.340068Z 0 [Note] Server socket created on IP: '::'.
2017-04-24T18:33:38.343422Z 0 [Warning] 'user' entry 'root@localhost' ignored in --skip-name-resolve mode.
2017-04-24T18:33:38.343442Z 0 [Warning] 'user' entry 'mysql.sys@localhost' ignored in --skip-name-resolve mode.
2017-04-24T18:33:38.343454Z 0 [Warning] 'db' entry 'sys mysql.sys@localhost' ignored in --skip-name-resolve mode.
2017-04-24T18:33:38.343462Z 0 [Warning] 'proxies_priv' entry '@ root@localhost' ignored in --skip-name-resolve mode.
2017-04-24T18:33:38.344195Z 0 [Warning] 'tables_priv' entry 'sys_config mysql.sys@localhost' ignored in --skip-name-resolve mode.
2017-04-24T18:33:38.348439Z 0 [Note] Event Scheduler: Loaded 0 events
2017-04-24T18:33:38.348633Z 0 [Note] /usr/sbin/mysqld: ready for connections.
Version: '5.7.18'  socket: '/var/run/mysqld/mysqld.sock'  port: 3306  MySQL Community Server (GPL)
2017-04-24T18:33:38.348647Z 0 [Note] Executing 'SELECT * FROM INFORMATION_SCHEMA.TABLES;' to get a list of tables using the deprecated partition engine. You may use the startup option '--disable-partition-engine-check' to skip this check. 
2017-04-24T18:33:38.348650Z 0 [Note] Beginning of list of non-natively partitioned tables
2017-04-24T18:33:38.356860Z 0 [Note] End of list of non-natively partitioned tables
